{"total": {"lines":{"total":575,"covered":575,"skipped":0,"pct":100},"statements":{"total":635,"covered":635,"skipped":0,"pct":100},"functions":{"total":113,"covered":113,"skipped":0,"pct":100},"branches":{"total":334,"covered":334,"skipped":0,"pct":100},"branchesTrue":{"total":0,"covered":0,"skipped":0,"pct":100}}
,"D:\\www\\Onterapi\\onterarapi-v4\\src\\modules\\anamnesis\\api\\presenters\\anamnesis.presenter.ts": {"lines":{"total":42,"covered":42,"skipped":0,"pct":100},"functions":{"total":26,"covered":26,"skipped":0,"pct":100},"statements":{"total":51,"covered":51,"skipped":0,"pct":100},"branches":{"total":82,"covered":82,"skipped":0,"pct":100}}
,"D:\\www\\Onterapi\\onterarapi-v4\\src\\modules\\auth\\api\\mappers\\auth-request.mapper.ts": {"lines":{"total":43,"covered":43,"skipped":0,"pct":100},"functions":{"total":12,"covered":12,"skipped":0,"pct":100},"statements":{"total":54,"covered":54,"skipped":0,"pct":100},"branches":{"total":25,"covered":25,"skipped":0,"pct":100}}
,"D:\\www\\Onterapi\\onterarapi-v4\\src\\modules\\legal\\api\\presenters\\legal-term.presenter.ts": {"lines":{"total":3,"covered":3,"skipped":0,"pct":100},"functions":{"total":3,"covered":3,"skipped":0,"pct":100},"statements":{"total":4,"covered":4,"skipped":0,"pct":100},"branches":{"total":12,"covered":12,"skipped":0,"pct":100}}
,"D:\\www\\Onterapi\\onterarapi-v4\\src\\modules\\patients\\api\\mappers\\patient-request.mapper.ts": {"lines":{"total":66,"covered":66,"skipped":0,"pct":100},"functions":{"total":12,"covered":12,"skipped":0,"pct":100},"statements":{"total":73,"covered":73,"skipped":0,"pct":100},"branches":{"total":50,"covered":50,"skipped":0,"pct":100}}
,"D:\\www\\Onterapi\\onterarapi-v4\\src\\modules\\patients\\api\\presenters\\patient.presenter.ts": {"lines":{"total":79,"covered":79,"skipped":0,"pct":100},"functions":{"total":16,"covered":16,"skipped":0,"pct":100},"statements":{"total":80,"covered":80,"skipped":0,"pct":100},"branches":{"total":68,"covered":68,"skipped":0,"pct":100}}
,"D:\\www\\Onterapi\\onterarapi-v4\\src\\modules\\patients\\use-cases\\archive-patient.use-case.ts": {"lines":{"total":30,"covered":30,"skipped":0,"pct":100},"functions":{"total":2,"covered":2,"skipped":0,"pct":100},"statements":{"total":32,"covered":32,"skipped":0,"pct":100},"branches":{"total":4,"covered":4,"skipped":0,"pct":100}}
,"D:\\www\\Onterapi\\onterarapi-v4\\src\\modules\\patients\\use-cases\\create-patient.use-case.ts": {"lines":{"total":30,"covered":30,"skipped":0,"pct":100},"functions":{"total":2,"covered":2,"skipped":0,"pct":100},"statements":{"total":32,"covered":32,"skipped":0,"pct":100},"branches":{"total":6,"covered":6,"skipped":0,"pct":100}}
,"D:\\www\\Onterapi\\onterarapi-v4\\src\\modules\\patients\\use-cases\\export-patients.use-case.ts": {"lines":{"total":19,"covered":19,"skipped":0,"pct":100},"functions":{"total":2,"covered":2,"skipped":0,"pct":100},"statements":{"total":21,"covered":21,"skipped":0,"pct":100},"branches":{"total":3,"covered":3,"skipped":0,"pct":100}}
,"D:\\www\\Onterapi\\onterarapi-v4\\src\\modules\\patients\\use-cases\\get-patient.use-case.ts": {"lines":{"total":44,"covered":44,"skipped":0,"pct":100},"functions":{"total":4,"covered":4,"skipped":0,"pct":100},"statements":{"total":46,"covered":46,"skipped":0,"pct":100},"branches":{"total":14,"covered":14,"skipped":0,"pct":100}}
,"D:\\www\\Onterapi\\onterarapi-v4\\src\\modules\\patients\\use-cases\\list-patients.use-case.ts": {"lines":{"total":16,"covered":16,"skipped":0,"pct":100},"functions":{"total":2,"covered":2,"skipped":0,"pct":100},"statements":{"total":18,"covered":18,"skipped":0,"pct":100},"branches":{"total":3,"covered":3,"skipped":0,"pct":100}}
,"D:\\www\\Onterapi\\onterarapi-v4\\src\\modules\\patients\\use-cases\\transfer-patient.use-case.ts": {"lines":{"total":33,"covered":33,"skipped":0,"pct":100},"functions":{"total":2,"covered":2,"skipped":0,"pct":100},"statements":{"total":35,"covered":35,"skipped":0,"pct":100},"branches":{"total":8,"covered":8,"skipped":0,"pct":100}}
,"D:\\www\\Onterapi\\onterarapi-v4\\src\\modules\\patients\\use-cases\\update-patient.use-case.ts": {"lines":{"total":55,"covered":55,"skipped":0,"pct":100},"functions":{"total":4,"covered":4,"skipped":0,"pct":100},"statements":{"total":57,"covered":57,"skipped":0,"pct":100},"branches":{"total":18,"covered":18,"skipped":0,"pct":100}}
,"D:\\www\\Onterapi\\onterarapi-v4\\src\\modules\\users\\api\\mappers\\user-request.mapper.ts": {"lines":{"total":7,"covered":7,"skipped":0,"pct":100},"functions":{"total":3,"covered":3,"skipped":0,"pct":100},"statements":{"total":12,"covered":12,"skipped":0,"pct":100},"branches":{"total":3,"covered":3,"skipped":0,"pct":100}}
,"D:\\www\\Onterapi\\onterarapi-v4\\src\\modules\\users\\api\\presenters\\user.presenter.ts": {"lines":{"total":5,"covered":5,"skipped":0,"pct":100},"functions":{"total":2,"covered":2,"skipped":0,"pct":100},"statements":{"total":5,"covered":5,"skipped":0,"pct":100},"branches":{"total":9,"covered":9,"skipped":0,"pct":100}}
,"D:\\www\\Onterapi\\onterarapi-v4\\src\\shared\\pipes\\zod-validation.pipe.ts": {"lines":{"total":18,"covered":18,"skipped":0,"pct":100},"functions":{"total":3,"covered":3,"skipped":0,"pct":100},"statements":{"total":18,"covered":18,"skipped":0,"pct":100},"branches":{"total":2,"covered":2,"skipped":0,"pct":100}}
,"D:\\www\\Onterapi\\onterarapi-v4\\src\\shared\\use-cases\\base.use-case.ts": {"lines":{"total":9,"covered":9,"skipped":0,"pct":100},"functions":{"total":2,"covered":2,"skipped":0,"pct":100},"statements":{"total":9,"covered":9,"skipped":0,"pct":100},"branches":{"total":4,"covered":4,"skipped":0,"pct":100}}
,"D:\\www\\Onterapi\\onterarapi-v4\\src\\shared\\use-cases\\use-case-wrapper.ts": {"lines":{"total":11,"covered":11,"skipped":0,"pct":100},"functions":{"total":5,"covered":5,"skipped":0,"pct":100},"statements":{"total":11,"covered":11,"skipped":0,"pct":100},"branches":{"total":0,"covered":0,"skipped":0,"pct":100}}
,"D:\\www\\Onterapi\\onterarapi-v4\\src\\shared\\utils\\cpf.utils.ts": {"lines":{"total":9,"covered":9,"skipped":0,"pct":100},"functions":{"total":4,"covered":4,"skipped":0,"pct":100},"statements":{"total":11,"covered":11,"skipped":0,"pct":100},"branches":{"total":2,"covered":2,"skipped":0,"pct":100}}
,"D:\\www\\Onterapi\\onterarapi-v4\\src\\shared\\utils\\role.utils.ts": {"lines":{"total":34,"covered":34,"skipped":0,"pct":100},"functions":{"total":4,"covered":4,"skipped":0,"pct":100},"statements":{"total":34,"covered":34,"skipped":0,"pct":100},"branches":{"total":7,"covered":7,"skipped":0,"pct":100}}
,"D:\\www\\Onterapi\\onterarapi-v4\\src\\shared\\validators\\cpf.validator.ts": {"lines":{"total":22,"covered":22,"skipped":0,"pct":100},"functions":{"total":3,"covered":3,"skipped":0,"pct":100},"statements":{"total":32,"covered":32,"skipped":0,"pct":100},"branches":{"total":14,"covered":14,"skipped":0,"pct":100}}
}
